[2025-08-13 14:11:10] 🔄 Ninja Forms Lead Generation Hook loaded and ready
[2025-08-13 14:11:14] 🔄 Ninja Forms Lead Generation Hook loaded and ready
[2025-08-13 14:11:17] 🔄 Ninja Forms Lead Generation Hook loaded and ready
[2025-08-13 14:11:17] 🔄 Ninja Forms Lead Generation Hook loaded and ready
[2025-08-13 14:11:19] 🔄 Ninja Forms Lead Generation Hook loaded and ready
[2025-08-13 14:11:19] 🔄 Ninja Forms Lead Generation Hook loaded and ready
[2025-08-13 14:11:19] 🔄 Ninja Forms Lead Generation Hook loaded and ready
[2025-08-13 14:11:21] 🔄 Ninja Forms Lead Generation Hook loaded and ready
[2025-08-13 14:11:28] 🔄 Ninja Forms Lead Generation Hook loaded and ready
[2025-08-13 14:11:34] 🔄 Ninja Forms Lead Generation Hook loaded and ready
[2025-08-13 14:11:34] 🔄 Ninja Forms Lead Generation Hook loaded and ready
[2025-08-13 14:11:35] 🔄 Ninja Forms Lead Generation Hook loaded and ready
[2025-08-13 14:11:35] 🔄 Ninja Forms Lead Generation Hook loaded and ready
[2025-08-13 14:11:39] 🔄 Ninja Forms Lead Generation Hook loaded and ready
[2025-08-13 14:12:24] 🔄 Ninja Forms Lead Generation Hook loaded and ready
[2025-08-13 14:12:28] === NINJA FORMS SUBMISSION DETECTED ===
[2025-08-13 14:12:28] Form Data: Array
(
    [form_id] => 2
    [settings] => Array
        (
            [objectType] => Form Setting
            [editActive] => 1
            [title] => Webinar Registration Form
            [show_title] => 0
            [allow_public_link] => 0
            [embed_form] => 
            [clear_complete] => 1
            [hide_complete] => 1
            [default_label_pos] => above
            [wrapper_class] => 
            [element_class] => 
            [form_title_heading_level] => 3
            [key] => 
            [add_submit] => 1
            [changeEmailErrorMsg] => 
            [changeDateErrorMsg] => 
            [confirmFieldErrorMsg] => 
            [fieldNumberNumMinError] => 
            [fieldNumberNumMaxError] => 
            [fieldNumberIncrementBy] => 
            [formErrorsCorrectErrors] => 
            [validateRequiredField] => 
            [honeypotHoneypotError] => 
            [fieldsMarkedRequired] => 
            [currency] => 
            [unique_field_error] => A form with this value has already been submitted.
            [logged_in] => 
            [not_logged_in_msg] => 
            [sub_limit_msg] => The form has reached its submission limit.
            [calculations] => Array
                (
                )

            [formContentData] => Array
                (
                    [0] => Array
                        (
                            [formContentData] => Array
                                (
                                    [0] => Array
                                        (
                                            [order] => 1
                                            [cells] => Array
                                                (
                                                    [0] => Array
                                                        (
                                                            [order] => 0
                                                            [fields] => Array
                                                                (
                                                                    [0] => webinar_title
                                                                )

                                                            [width] => 100
                                                        )

                                                )

                                        )

                                    [1] => Array
                                        (
                                            [order] => 2
                                            [cells] => Array
                                                (
                                                    [0] => Array
                                                        (
                                                            [order] => 0
                                                            [fields] => Array
                                                                (
                                                                    [0] => post_id
                                                                )

                                                            [width] => 100
                                                        )

                                                )

                                        )

                                    [2] => Array
                                        (
                                            [order] => 3
                                            [cells] => Array
                                                (
                                                    [0] => Array
                                                        (
                                                            [order] => 0
                                                            [fields] => Array
                                                                (
                                                                    [0] => email_address
                                                                )

                                                            [width] => 100
                                                        )

                                                )

                                        )

                                    [3] => Array
                                        (
                                            [order] => 4
                                            [cells] => Array
                                                (
                                                    [0] => Array
                                                        (
                                                            [order] => 0
                                                            [fields] => Array
                                                                (
                                                                    [0] => add_questions
                                                                )

                                                            [width] => 100
                                                        )

                                                )

                                        )

                                    [4] => Array
                                        (
                                            [order] => 6
                                            [cells] => Array
                                                (
                                                    [0] => Array
                                                        (
                                                            [order] => 0
                                                            [fields] => Array
                                                                (
                                                                    [0] => sponsor_optin
                                                                )

                                                            [width] => 100
                                                        )

                                                )

                                        )

                                    [5] => Array
                                        (
                                            [order] => 7
                                            [cells] => Array
                                                (
                                                    [0] => Array
                                                        (
                                                            [order] => 0
                                                            [fields] => Array
                                                                (
                                                                    [0] => register_1732890612728
                                                                )

                                                            [width] => 100
                                                        )

                                                )

                                        )

                                )

                            [order] => 0
                            [type] => part
                            [clean] => 1
                            [title] => Part Title
                            [key] => gxdarghd
                        )

                )

            [drawerDisabled] => 
            [conditions] => Array
                (
                )

            [objectDomain] => display
            [save_progress_allow_multiple] => 
            [save_progress_table_legend] => Load saved progress
            [save_progress_table_columns] => Array
                (
                    [0] => Array
                        (
                            [errors] => Array
                                (
                                )

                            [max_options] => 0
                            [label] => Column Title
                            [field] => {field}
                            [order] => 0
                            [settingModel] => Array
                                (
                                    [settings] => 
                                    [hide_merge_tags] => 
                                    [error] => 
                                    [name] => save_progress_table_columns
                                    [type] => option-repeater
                                    [label] => Save Table Columns <a href="#" class="nf-add-new">Add New</a>
                                    [width] => full
                                    [group] => primary
                                    [columns] => Array
                                        (
                                            [field] => Array
                                                (
                                                    [header] => Field Key
                                                    [default] => 
                                                )

                                        )

                                    [value] => Array
                                        (
                                            [0] => Array
                                                (
                                                    [label] => Column Title
                                                    [field] => {field}
                                                    [order] => 0
                                                )

                                        )

                                    [tmpl_row] => tmpl-nf-save-progress-table-columns-repeater-row
                                )

                        )

                )

            [container_styles_show_advanced_css] => 0
            [title_styles_show_advanced_css] => 0
            [row_styles_show_advanced_css] => 0
            [row-odd_styles_show_advanced_css] => 0
            [success-msg_styles_show_advanced_css] => 0
            [error_msg_styles_show_advanced_css] => 0
            [mp_breadcrumb] => 1
            [mp_progress_bar] => 1
            [mp_display_titles] => 0
            [breadcrumb_container_styles_show_advanced_css] => 0
            [breadcrumb_buttons_styles_show_advanced_css] => 0
            [breadcrumb_button_hover_styles_show_advanced_css] => 0
            [breadcrumb_active_button_styles_show_advanced_css] => 0
            [progress_bar_container_styles_show_advanced_css] => 0
            [progress_bar_fill_styles_show_advanced_css] => 0
            [part_titles_styles_show_advanced_css] => 0
            [navigation_container_styles_show_advanced_css] => 0
            [previous_button_styles_show_advanced_css] => 0
            [next_button_styles_show_advanced_css] => 0
            [navigation_hover_styles_show_advanced_css] => 0
            [is_preview] => 
        )

    [extra] => Array
        (
        )

    [fields] => Array
        (
            [56] => Array
                (
                    [id] => 56
                    [settings] => Array
                        (
                            [objectType] => Field
                            [objectDomain] => fields
                            [editActive] => 
                            [order] => 1
                            [idAttribute] => id
                            [label] => Webinar Title
                            [type] => hidden
                            [key] => webinar_title
                            [default] => {wp:post_title}
                            [admin_label] => 
                            [drawerDisabled] => 
                            [manual_key] => 1
                            [wrap_styles_show_advanced_css] => 0
                            [label_styles_show_advanced_css] => 0
                            [element_styles_show_advanced_css] => 0
                            [cellcid] => c4445
                            [wrap_styles_border] => 
                            [wrap_styles_width] => 
                            [wrap_styles_margin] => 
                            [wrap_styles_padding] => 
                            [wrap_styles_float] => 
                            [label_styles_border] => 
                            [label_styles_width] => 
                            [label_styles_font-size] => 
                            [label_styles_margin] => 
                            [label_styles_padding] => 
                            [label_styles_float] => 
                            [element_styles_border] => 
                            [element_styles_width] => 
                            [element_styles_font-size] => 
                            [element_styles_margin] => 
                            [element_styles_padding] => 
                            [element_styles_float] => 
                            [value] => New Updated Test Webinar - Final Functional Testing
                            [id] => 56
                        )

                    [value] => New Updated Test Webinar - Final Functional Testing
                    [key] => webinar_title
                    [objectType] => Field
                    [objectDomain] => fields
                    [editActive] => 
                    [order] => 1
                    [idAttribute] => id
                    [label] => Webinar Title
                    [type] => hidden
                    [default] => {wp:post_title}
                    [admin_label] => 
                    [drawerDisabled] => 
                    [manual_key] => 1
                    [wrap_styles_show_advanced_css] => 0
                    [label_styles_show_advanced_css] => 0
                    [element_styles_show_advanced_css] => 0
                    [cellcid] => c4445
                    [wrap_styles_border] => 
                    [wrap_styles_width] => 
                    [wrap_styles_margin] => 
                    [wrap_styles_padding] => 
                    [wrap_styles_float] => 
                    [label_styles_border] => 
                    [label_styles_width] => 
                    [label_styles_font-size] => 
                    [label_styles_margin] => 
                    [label_styles_padding] => 
                    [label_styles_float] => 
                    [element_styles_border] => 
                    [element_styles_width] => 
                    [element_styles_font-size] => 
                    [element_styles_margin] => 
                    [element_styles_padding] => 
                    [element_styles_float] => 
                )

            [68] => Array
                (
                    [id] => 68
                    [settings] => Array
                        (
                            [objectType] => Field
                            [objectDomain] => fields
                            [editActive] => 
                            [order] => 2
                            [idAttribute] => id
                            [label] => Post ID
                            [type] => hidden
                            [key] => post_id
                            [default] => {wp:post_id}
                            [admin_label] => 
                            [drawerDisabled] => 
                            [manual_key] => 1
                            [wrap_styles_show_advanced_css] => 0
                            [label_styles_show_advanced_css] => 0
                            [element_styles_show_advanced_css] => 0
                            [cellcid] => c4449
                            [wrap_styles_border] => 
                            [wrap_styles_width] => 
                            [wrap_styles_margin] => 
                            [wrap_styles_padding] => 
                            [wrap_styles_float] => 
                            [label_styles_border] => 
                            [label_styles_width] => 
                            [label_styles_font-size] => 
                            [label_styles_margin] => 
                            [label_styles_padding] => 
                            [label_styles_float] => 
                            [element_styles_border] => 
                            [element_styles_width] => 
                            [element_styles_font-size] => 
                            [element_styles_margin] => 
                            [element_styles_padding] => 
                            [element_styles_float] => 
                            [value] => 160746
                            [id] => 68
                        )

                    [value] => 160746
                    [key] => post_id
                    [objectType] => Field
                    [objectDomain] => fields
                    [editActive] => 
                    [order] => 2
                    [idAttribute] => id
                    [label] => Post ID
                    [type] => hidden
                    [default] => {wp:post_id}
                    [admin_label] => 
                    [drawerDisabled] => 
                    [manual_key] => 1
                    [wrap_styles_show_advanced_css] => 0
                    [label_styles_show_advanced_css] => 0
                    [element_styles_show_advanced_css] => 0
                    [cellcid] => c4449
                    [wrap_styles_border] => 
                    [wrap_styles_width] => 
                    [wrap_styles_margin] => 
                    [wrap_styles_padding] => 
                    [wrap_styles_float] => 
                    [label_styles_border] => 
                    [label_styles_width] => 
                    [label_styles_font-size] => 
                    [label_styles_margin] => 
                    [label_styles_padding] => 
                    [label_styles_float] => 
                    [element_styles_border] => 
                    [element_styles_width] => 
                    [element_styles_font-size] => 
                    [element_styles_margin] => 
                    [element_styles_padding] => 
                    [element_styles_float] => 
                )

            [384] => Array
                (
                    [id] => 384
                    [settings] => Array
                        (
                            [objectType] => Field
                            [objectDomain] => fields
                            [editActive] => 
                            [order] => 3
                            [idAttribute] => id
                            [type] => hidden
                            [label] => Email Address
                            [key] => email_address
                            [default] => {field:email_address}
                            [admin_label] => 
                            [wrap_styles_border] => 
                            [wrap_styles_width] => 
                            [wrap_styles_margin] => 
                            [wrap_styles_padding] => 
                            [wrap_styles_float] => 
                            [wrap_styles_show_advanced_css] => 0
                            [label_styles_border] => 
                            [label_styles_width] => 
                            [label_styles_font-size] => 
                            [label_styles_margin] => 
                            [label_styles_padding] => 
                            [label_styles_float] => 
                            [label_styles_show_advanced_css] => 0
                            [element_styles_border] => 
                            [element_styles_width] => 
                            [element_styles_font-size] => 
                            [element_styles_margin] => 
                            [element_styles_padding] => 
                            [element_styles_float] => 
                            [element_styles_show_advanced_css] => 0
                            [cellcid] => c4452
                            [manual_key] => 1
                            [drawerDisabled] => 
                            [value] => {field:email_address}
                            [id] => 384
                        )

                    [value] => {field:email_address}
                    [key] => email_address
                    [objectType] => Field
                    [objectDomain] => fields
                    [editActive] => 
                    [order] => 3
                    [idAttribute] => id
                    [type] => hidden
                    [label] => Email Address
                    [default] => {field:email_address}
                    [admin_label] => 
                    [wrap_styles_border] => 
                    [wrap_styles_width] => 
                    [wrap_styles_margin] => 
                    [wrap_styles_padding] => 
                    [wrap_styles_float] => 
                    [wrap_styles_show_advanced_css] => 0
                    [label_styles_border] => 
                    [label_styles_width] => 
                    [label_styles_font-size] => 
                    [label_styles_margin] => 
                    [label_styles_padding] => 
                    [label_styles_float] => 
                    [label_styles_show_advanced_css] => 0
                    [element_styles_border] => 
                    [element_styles_width] => 
                    [element_styles_font-size] => 
                    [element_styles_margin] => 
                    [element_styles_padding] => 
                    [element_styles_float] => 
                    [element_styles_show_advanced_css] => 0
                    [cellcid] => c4452
                    [manual_key] => 1
                    [drawerDisabled] => 
                )

            [385] => Array
                (
                    [id] => 385
                    [settings] => Array
                        (
                            [objectType] => Field
                            [objectDomain] => fields
                            [editActive] => 
                            [order] => 4
                            [idAttribute] => id
                            [type] => hidden
                            [label] => ACF Questions
                            [key] => add_questions
                            [default] => 
                            [admin_label] => 
                            [wrap_styles_border] => 
                            [wrap_styles_width] => 
                            [wrap_styles_margin] => 
                            [wrap_styles_padding] => 
                            [wrap_styles_float] => 
                            [wrap_styles_show_advanced_css] => 0
                            [label_styles_border] => 
                            [label_styles_width] => 
                            [label_styles_font-size] => 
                            [label_styles_margin] => 
                            [label_styles_padding] => 
                            [label_styles_float] => 
                            [label_styles_show_advanced_css] => 0
                            [element_styles_border] => 
                            [element_styles_width] => 
                            [element_styles_font-size] => 
                            [element_styles_margin] => 
                            [element_styles_padding] => 
                            [element_styles_float] => 
                            [element_styles_show_advanced_css] => 0
                            [cellcid] => c5088
                            [manual_key] => 1
                            [drawerDisabled] => 
                            [value] => 
                            [id] => 385
                        )

                    [value] => 
                    [key] => add_questions
                    [objectType] => Field
                    [objectDomain] => fields
                    [editActive] => 
                    [order] => 4
                    [idAttribute] => id
                    [type] => hidden
                    [label] => ACF Questions
                    [default] => 
                    [admin_label] => 
                    [wrap_styles_border] => 
                    [wrap_styles_width] => 
                    [wrap_styles_margin] => 
                    [wrap_styles_padding] => 
                    [wrap_styles_float] => 
                    [wrap_styles_show_advanced_css] => 0
                    [label_styles_border] => 
                    [label_styles_width] => 
                    [label_styles_font-size] => 
                    [label_styles_margin] => 
                    [label_styles_padding] => 
                    [label_styles_float] => 
                    [label_styles_show_advanced_css] => 0
                    [element_styles_border] => 
                    [element_styles_width] => 
                    [element_styles_font-size] => 
                    [element_styles_margin] => 
                    [element_styles_padding] => 
                    [element_styles_float] => 
                    [element_styles_show_advanced_css] => 0
                    [cellcid] => c5088
                    [manual_key] => 1
                    [drawerDisabled] => 
                )

            [58] => Array
                (
                    [id] => 58
                    [settings] => Array
                        (
                            [objectType] => Field
                            [objectDomain] => fields
                            [editActive] => 
                            [order] => 6
                            [idAttribute] => id
                            [label] => I consent to Drug Target Review collecting my data. View our <a href="https://www.drugtargetreview.com/privacy-policy/" target="_blank">Privacy Policy</a>
                            [type] => checkbox
                            [key] => sponsor_optin
                            [label_pos] => right
                            [required] => 1
                            [container_class] => 
                            [element_class] => 
                            [manual_key] => 1
                            [admin_label] => 
                            [help_text] => 
                            [default_value] => unchecked
                            [checked_value] => Checked
                            [unchecked_value] => Unchecked
                            [checked_calc_value] => 
                            [unchecked_calc_value] => 
                            [drawerDisabled] => 
                            [wrap_styles_border] => 
                            [wrap_styles_width] => 
                            [wrap_styles_margin] => 
                            [wrap_styles_padding] => 
                            [wrap_styles_float] => 
                            [wrap_styles_show_advanced_css] => 0
                            [label_styles_border] => 
                            [label_styles_width] => 
                            [label_styles_font-size] => 
                            [label_styles_margin] => 
                            [label_styles_padding] => 
                            [label_styles_float] => 
                            [label_styles_show_advanced_css] => 0
                            [element_styles_border] => 
                            [element_styles_width] => 
                            [element_styles_font-size] => 
                            [element_styles_margin] => 
                            [element_styles_padding] => 
                            [element_styles_float] => 
                            [element_styles_show_advanced_css] => 0
                            [cellcid] => c4458
                            [value] => 1
                            [id] => 58
                        )

                    [value] => 1
                    [key] => sponsor_optin
                    [objectType] => Field
                    [objectDomain] => fields
                    [editActive] => 
                    [order] => 6
                    [idAttribute] => id
                    [label] => I consent to Drug Target Review collecting my data. View our <a href="https://www.drugtargetreview.com/privacy-policy/" target="_blank">Privacy Policy</a>
                    [type] => checkbox
                    [label_pos] => right
                    [required] => 1
                    [container_class] => 
                    [element_class] => 
                    [manual_key] => 1
                    [admin_label] => 
                    [help_text] => 
                    [default_value] => unchecked
                    [checked_value] => Checked
                    [unchecked_value] => Unchecked
                    [checked_calc_value] => 
                    [unchecked_calc_value] => 
                    [drawerDisabled] => 
                    [wrap_styles_border] => 
                    [wrap_styles_width] => 
                    [wrap_styles_margin] => 
                    [wrap_styles_padding] => 
                    [wrap_styles_float] => 
                    [wrap_styles_show_advanced_css] => 0
                    [label_styles_border] => 
                    [label_styles_width] => 
                    [label_styles_font-size] => 
                    [label_styles_margin] => 
                    [label_styles_padding] => 
                    [label_styles_float] => 
                    [label_styles_show_advanced_css] => 0
                    [element_styles_border] => 
                    [element_styles_width] => 
                    [element_styles_font-size] => 
                    [element_styles_margin] => 
                    [element_styles_padding] => 
                    [element_styles_float] => 
                    [element_styles_show_advanced_css] => 0
                    [cellcid] => c4458
                )

            [2] => Array
                (
                    [id] => 2
                    [settings] => Array
                        (
                            [objectType] => Field
                            [objectDomain] => fields
                            [editActive] => 
                            [order] => 7
                            [idAttribute] => id
                            [type] => submit
                            [label] => Register
                            [processing_label] => Processing
                            [container_class] => 
                            [element_class] => 
                            [key] => register_1732890612728
                            [admin_label] => 
                            [drawerDisabled] => 
                            [wrap_styles_show_advanced_css] => 0
                            [element_styles_show_advanced_css] => 0
                            [submit_element_hover_styles_show_advanced_css] => 0
                            [cellcid] => c4461
                            [value] => 
                            [id] => 2
                        )

                    [value] => 
                    [key] => register_1732890612728
                    [objectType] => Field
                    [objectDomain] => fields
                    [editActive] => 
                    [order] => 7
                    [idAttribute] => id
                    [type] => submit
                    [label] => Register
                    [processing_label] => Processing
                    [container_class] => 
                    [element_class] => 
                    [admin_label] => 
                    [drawerDisabled] => 
                    [wrap_styles_show_advanced_css] => 0
                    [element_styles_show_advanced_css] => 0
                    [submit_element_hover_styles_show_advanced_css] => 0
                    [cellcid] => c4461
                )

        )

    [fields_by_key] => Array
        (
            [webinar_title] => Array
                (
                    [id] => 56
                    [settings] => Array
                        (
                            [objectType] => Field
                            [objectDomain] => fields
                            [editActive] => 
                            [order] => 1
                            [idAttribute] => id
                            [label] => Webinar Title
                            [type] => hidden
                            [key] => webinar_title
                            [default] => {wp:post_title}
                            [admin_label] => 
                            [drawerDisabled] => 
                            [manual_key] => 1
                            [wrap_styles_show_advanced_css] => 0
                            [label_styles_show_advanced_css] => 0
                            [element_styles_show_advanced_css] => 0
                            [cellcid] => c4445
                            [wrap_styles_border] => 
                            [wrap_styles_width] => 
                            [wrap_styles_margin] => 
                            [wrap_styles_padding] => 
                            [wrap_styles_float] => 
                            [label_styles_border] => 
                            [label_styles_width] => 
                            [label_styles_font-size] => 
                            [label_styles_margin] => 
                            [label_styles_padding] => 
                            [label_styles_float] => 
                            [element_styles_border] => 
                            [element_styles_width] => 
                            [element_styles_font-size] => 
                            [element_styles_margin] => 
                            [element_styles_padding] => 
                            [element_styles_float] => 
                            [value] => New Updated Test Webinar - Final Functional Testing
                            [id] => 56
                        )

                    [value] => New Updated Test Webinar - Final Functional Testing
                    [key] => webinar_title
                    [objectType] => Field
                    [objectDomain] => fields
                    [editActive] => 
                    [order] => 1
                    [idAttribute] => id
                    [label] => Webinar Title
                    [type] => hidden
                    [default] => {wp:post_title}
                    [admin_label] => 
                    [drawerDisabled] => 
                    [manual_key] => 1
                    [wrap_styles_show_advanced_css] => 0
                    [label_styles_show_advanced_css] => 0
                    [element_styles_show_advanced_css] => 0
                    [cellcid] => c4445
                    [wrap_styles_border] => 
                    [wrap_styles_width] => 
                    [wrap_styles_margin] => 
                    [wrap_styles_padding] => 
                    [wrap_styles_float] => 
                    [label_styles_border] => 
                    [label_styles_width] => 
                    [label_styles_font-size] => 
                    [label_styles_margin] => 
                    [label_styles_padding] => 
                    [label_styles_float] => 
                    [element_styles_border] => 
                    [element_styles_width] => 
                    [element_styles_font-size] => 
                    [element_styles_margin] => 
                    [element_styles_padding] => 
                    [element_styles_float] => 
                )

            [post_id] => Array
                (
                    [id] => 68
                    [settings] => Array
                        (
                            [objectType] => Field
                            [objectDomain] => fields
                            [editActive] => 
                            [order] => 2
                            [idAttribute] => id
                            [label] => Post ID
                            [type] => hidden
                            [key] => post_id
                            [default] => {wp:post_id}
                            [admin_label] => 
                            [drawerDisabled] => 
                            [manual_key] => 1
                            [wrap_styles_show_advanced_css] => 0
                            [label_styles_show_advanced_css] => 0
                            [element_styles_show_advanced_css] => 0
                            [cellcid] => c4449
                            [wrap_styles_border] => 
                            [wrap_styles_width] => 
                            [wrap_styles_margin] => 
                            [wrap_styles_padding] => 
                            [wrap_styles_float] => 
                            [label_styles_border] => 
                            [label_styles_width] => 
                            [label_styles_font-size] => 
                            [label_styles_margin] => 
                            [label_styles_padding] => 
                            [label_styles_float] => 
                            [element_styles_border] => 
                            [element_styles_width] => 
                            [element_styles_font-size] => 
                            [element_styles_margin] => 
                            [element_styles_padding] => 
                            [element_styles_float] => 
                            [value] => 160746
                            [id] => 68
                        )

                    [value] => 160746
                    [key] => post_id
                    [objectType] => Field
                    [objectDomain] => fields
                    [editActive] => 
                    [order] => 2
                    [idAttribute] => id
                    [label] => Post ID
                    [type] => hidden
                    [default] => {wp:post_id}
                    [admin_label] => 
                    [drawerDisabled] => 
                    [manual_key] => 1
                    [wrap_styles_show_advanced_css] => 0
                    [label_styles_show_advanced_css] => 0
                    [element_styles_show_advanced_css] => 0
                    [cellcid] => c4449
                    [wrap_styles_border] => 
                    [wrap_styles_width] => 
                    [wrap_styles_margin] => 
                    [wrap_styles_padding] => 
                    [wrap_styles_float] => 
                    [label_styles_border] => 
                    [label_styles_width] => 
                    [label_styles_font-size] => 
                    [label_styles_margin] => 
                    [label_styles_padding] => 
                    [label_styles_float] => 
                    [element_styles_border] => 
                    [element_styles_width] => 
                    [element_styles_font-size] => 
                    [element_styles_margin] => 
                    [element_styles_padding] => 
                    [element_styles_float] => 
                )

            [email_address] => Array
                (
                    [id] => 384
                    [settings] => Array
                        (
                            [objectType] => Field
                            [objectDomain] => fields
                            [editActive] => 
                            [order] => 3
                            [idAttribute] => id
                            [type] => hidden
                            [label] => Email Address
                            [key] => email_address
                            [default] => {field:email_address}
                            [admin_label] => 
                            [wrap_styles_border] => 
                            [wrap_styles_width] => 
                            [wrap_styles_margin] => 
                            [wrap_styles_padding] => 
                            [wrap_styles_float] => 
                            [wrap_styles_show_advanced_css] => 0
                            [label_styles_border] => 
                            [label_styles_width] => 
                            [label_styles_font-size] => 
                            [label_styles_margin] => 
                            [label_styles_padding] => 
                            [label_styles_float] => 
                            [label_styles_show_advanced_css] => 0
                            [element_styles_border] => 
                            [element_styles_width] => 
                            [element_styles_font-size] => 
                            [element_styles_margin] => 
                            [element_styles_padding] => 
                            [element_styles_float] => 
                            [element_styles_show_advanced_css] => 0
                            [cellcid] => c4452
                            [manual_key] => 1
                            [drawerDisabled] => 
                            [value] => {field:email_address}
                            [id] => 384
                        )

                    [value] => {field:email_address}
                    [key] => email_address
                    [objectType] => Field
                    [objectDomain] => fields
                    [editActive] => 
                    [order] => 3
                    [idAttribute] => id
                    [type] => hidden
                    [label] => Email Address
                    [default] => {field:email_address}
                    [admin_label] => 
                    [wrap_styles_border] => 
                    [wrap_styles_width] => 
                    [wrap_styles_margin] => 
                    [wrap_styles_padding] => 
                    [wrap_styles_float] => 
                    [wrap_styles_show_advanced_css] => 0
                    [label_styles_border] => 
                    [label_styles_width] => 
                    [label_styles_font-size] => 
                    [label_styles_margin] => 
                    [label_styles_padding] => 
                    [label_styles_float] => 
                    [label_styles_show_advanced_css] => 0
                    [element_styles_border] => 
                    [element_styles_width] => 
                    [element_styles_font-size] => 
                    [element_styles_margin] => 
                    [element_styles_padding] => 
                    [element_styles_float] => 
                    [element_styles_show_advanced_css] => 0
                    [cellcid] => c4452
                    [manual_key] => 1
                    [drawerDisabled] => 
                )

            [add_questions] => Array
                (
                    [id] => 385
                    [settings] => Array
                        (
                            [objectType] => Field
                            [objectDomain] => fields
                            [editActive] => 
                            [order] => 4
                            [idAttribute] => id
                            [type] => hidden
                            [label] => ACF Questions
                            [key] => add_questions
                            [default] => 
                            [admin_label] => 
                            [wrap_styles_border] => 
                            [wrap_styles_width] => 
                            [wrap_styles_margin] => 
                            [wrap_styles_padding] => 
                            [wrap_styles_float] => 
                            [wrap_styles_show_advanced_css] => 0
                            [label_styles_border] => 
                            [label_styles_width] => 
                            [label_styles_font-size] => 
                            [label_styles_margin] => 
                            [label_styles_padding] => 
                            [label_styles_float] => 
                            [label_styles_show_advanced_css] => 0
                            [element_styles_border] => 
                            [element_styles_width] => 
                            [element_styles_font-size] => 
                            [element_styles_margin] => 
                            [element_styles_padding] => 
                            [element_styles_float] => 
                            [element_styles_show_advanced_css] => 0
                            [cellcid] => c5088
                            [manual_key] => 1
                            [drawerDisabled] => 
                            [value] => 
                            [id] => 385
                        )

                    [value] => 
                    [key] => add_questions
                    [objectType] => Field
                    [objectDomain] => fields
                    [editActive] => 
                    [order] => 4
                    [idAttribute] => id
                    [type] => hidden
                    [label] => ACF Questions
                    [default] => 
                    [admin_label] => 
                    [wrap_styles_border] => 
                    [wrap_styles_width] => 
                    [wrap_styles_margin] => 
                    [wrap_styles_padding] => 
                    [wrap_styles_float] => 
                    [wrap_styles_show_advanced_css] => 0
                    [label_styles_border] => 
                    [label_styles_width] => 
                    [label_styles_font-size] => 
                    [label_styles_margin] => 
                    [label_styles_padding] => 
                    [label_styles_float] => 
                    [label_styles_show_advanced_css] => 0
                    [element_styles_border] => 
                    [element_styles_width] => 
                    [element_styles_font-size] => 
                    [element_styles_margin] => 
                    [element_styles_padding] => 
                    [element_styles_float] => 
                    [element_styles_show_advanced_css] => 0
                    [cellcid] => c5088
                    [manual_key] => 1
                    [drawerDisabled] => 
                )

            [sponsor_optin] => Array
                (
                    [id] => 58
                    [settings] => Array
                        (
                            [objectType] => Field
                            [objectDomain] => fields
                            [editActive] => 
                            [order] => 6
                            [idAttribute] => id
                            [label] => I consent to Drug Target Review collecting my data. View our <a href="https://www.drugtargetreview.com/privacy-policy/" target="_blank">Privacy Policy</a>
                            [type] => checkbox
                            [key] => sponsor_optin
                            [label_pos] => right
                            [required] => 1
                            [container_class] => 
                            [element_class] => 
                            [manual_key] => 1
                            [admin_label] => 
                            [help_text] => 
                            [default_value] => unchecked
                            [checked_value] => Checked
                            [unchecked_value] => Unchecked
                            [checked_calc_value] => 
                            [unchecked_calc_value] => 
                            [drawerDisabled] => 
                            [wrap_styles_border] => 
                            [wrap_styles_width] => 
                            [wrap_styles_margin] => 
                            [wrap_styles_padding] => 
                            [wrap_styles_float] => 
                            [wrap_styles_show_advanced_css] => 0
                            [label_styles_border] => 
                            [label_styles_width] => 
                            [label_styles_font-size] => 
                            [label_styles_margin] => 
                            [label_styles_padding] => 
                            [label_styles_float] => 
                            [label_styles_show_advanced_css] => 0
                            [element_styles_border] => 
                            [element_styles_width] => 
                            [element_styles_font-size] => 
                            [element_styles_margin] => 
                            [element_styles_padding] => 
                            [element_styles_float] => 
                            [element_styles_show_advanced_css] => 0
                            [cellcid] => c4458
                            [value] => 1
                            [id] => 58
                        )

                    [value] => 1
                    [key] => sponsor_optin
                    [objectType] => Field
                    [objectDomain] => fields
                    [editActive] => 
                    [order] => 6
                    [idAttribute] => id
                    [label] => I consent to Drug Target Review collecting my data. View our <a href="https://www.drugtargetreview.com/privacy-policy/" target="_blank">Privacy Policy</a>
                    [type] => checkbox
                    [label_pos] => right
                    [required] => 1
                    [container_class] => 
                    [element_class] => 
                    [manual_key] => 1
                    [admin_label] => 
                    [help_text] => 
                    [default_value] => unchecked
                    [checked_value] => Checked
                    [unchecked_value] => Unchecked
                    [checked_calc_value] => 
                    [unchecked_calc_value] => 
                    [drawerDisabled] => 
                    [wrap_styles_border] => 
                    [wrap_styles_width] => 
                    [wrap_styles_margin] => 
                    [wrap_styles_padding] => 
                    [wrap_styles_float] => 
                    [wrap_styles_show_advanced_css] => 0
                    [label_styles_border] => 
                    [label_styles_width] => 
                    [label_styles_font-size] => 
                    [label_styles_margin] => 
                    [label_styles_padding] => 
                    [label_styles_float] => 
                    [label_styles_show_advanced_css] => 0
                    [element_styles_border] => 
                    [element_styles_width] => 
                    [element_styles_font-size] => 
                    [element_styles_margin] => 
                    [element_styles_padding] => 
                    [element_styles_float] => 
                    [element_styles_show_advanced_css] => 0
                    [cellcid] => c4458
                )

            [register_1732890612728] => Array
                (
                    [id] => 2
                    [settings] => Array
                        (
                            [objectType] => Field
                            [objectDomain] => fields
                            [editActive] => 
                            [order] => 7
                            [idAttribute] => id
                            [type] => submit
                            [label] => Register
                            [processing_label] => Processing
                            [container_class] => 
                            [element_class] => 
                            [key] => register_1732890612728
                            [admin_label] => 
                            [drawerDisabled] => 
                            [wrap_styles_show_advanced_css] => 0
                            [element_styles_show_advanced_css] => 0
                            [submit_element_hover_styles_show_advanced_css] => 0
                            [cellcid] => c4461
                            [value] => 
                            [id] => 2
                        )

                    [value] => 
                    [key] => register_1732890612728
                    [objectType] => Field
                    [objectDomain] => fields
                    [editActive] => 
                    [order] => 7
                    [idAttribute] => id
                    [type] => submit
                    [label] => Register
                    [processing_label] => Processing
                    [container_class] => 
                    [element_class] => 
                    [admin_label] => 
                    [drawerDisabled] => 
                    [wrap_styles_show_advanced_css] => 0
                    [element_styles_show_advanced_css] => 0
                    [submit_element_hover_styles_show_advanced_css] => 0
                    [cellcid] => c4461
                )

        )

    [processed_actions] => Array
        (
            [0] => 6
            [1] => 45
        )

    [actions] => Array
        (
            [save] => Array
                (
                    [hidden] => Array
                        (
                            [0] => submit
                        )

                    [sub_id] => 161068
                )

            [redirect] => https://dtr-14072025.local/thank-you-for-registering/
        )

)

[2025-08-13 14:12:28] Detected form ID: 2
[2025-08-13 14:12:28] ✅ Processing webinar form (ID 2)
[2025-08-13 14:12:28] === PROCESSING WEBINAR FORM SUBMISSION ===
[2025-08-13 14:12:28] ✅ Using current user email: levon.gravett@supersonic-playground.com
[2025-08-13 14:12:28] Field webinar_title: New Updated Test Webinar - Final Functional Testing
[2025-08-13 14:12:28] Field post_id: 160746
[2025-08-13 14:12:28] Field email_address: {field:email_address}
[2025-08-13 14:12:28] Field add_questions: 
[2025-08-13 14:12:28] Field sponsor_optin: 1
[2025-08-13 14:12:28] Field register_1732890612728: 
[2025-08-13 14:12:28] add_questions field: EMPTY
[2025-08-13 14:12:28] ✅ All required webinar data present
[2025-08-13 14:12:28] === CALLING CORE WEBINAR REGISTRATION ===
[2025-08-13 14:12:28] ✅ Prepared webinar registration data:
[2025-08-13 14:12:28]   - webinar_post_id: 160746
[2025-08-13 14:12:28]   - participant_email: levon.gravett@supersonic-playground.com
[2025-08-13 14:12:28]   - speaker_question: 
[2025-08-13 14:12:28]   - privacy_consent: 1
[2025-08-13 14:12:28]   - add_questions: 
[2025-08-13 14:12:28] 🚀 Calling dtr_register_workbooks_webinar()...
[2025-08-13 14:12:30] ✅ Core webinar registration completed
[2025-08-13 14:12:30] ✅ Registration result: Array
(
    [success] => Registration submitted successfully
)

[2025-08-13 14:12:30] 🎉 Webinar registration successful via Ninja Forms hook!
[2025-08-13 14:12:31] 🔄 Ninja Forms Lead Generation Hook loaded and ready
[2025-08-13 14:12:33] 🔄 Ninja Forms Lead Generation Hook loaded and ready
[2025-08-13 14:12:33] 🔄 Ninja Forms Lead Generation Hook loaded and ready
[2025-08-13 14:12:35] 🔄 Ninja Forms Lead Generation Hook loaded and ready
[2025-08-13 14:12:35] 🔄 Ninja Forms Lead Generation Hook loaded and ready
[2025-08-13 14:15:19] 🔄 Ninja Forms Lead Generation Hook loaded and ready
[2025-08-13 14:15:40] 🔄 Ninja Forms Lead Generation Hook loaded and ready
[2025-08-13 14:15:45] 🔄 Ninja Forms Lead Generation Hook loaded and ready
[2025-08-13 14:15:47] 🔄 Ninja Forms Lead Generation Hook loaded and ready
[2025-08-13 14:15:48] 🔄 Ninja Forms Lead Generation Hook loaded and ready
[2025-08-13 14:15:51] 🔄 Ninja Forms Lead Generation Hook loaded and ready
[2025-08-13 14:15:53] 🔄 Ninja Forms Lead Generation Hook loaded and ready
[2025-08-13 14:15:54] 🔄 Ninja Forms Lead Generation Hook loaded and ready
[2025-08-13 14:15:55] 🔄 Ninja Forms Lead Generation Hook loaded and ready
[2025-08-13 14:15:56] 🔄 Ninja Forms Lead Generation Hook loaded and ready
[2025-08-13 14:15:58] 🔄 Ninja Forms Lead Generation Hook loaded and ready
[2025-08-13 14:15:58] 🔄 Ninja Forms Lead Generation Hook loaded and ready
[2025-08-13 14:16:00] 🔄 Ninja Forms Lead Generation Hook loaded and ready
[2025-08-13 14:40:23] 🔄 Ninja Forms Lead Generation Hook loaded and ready
[2025-08-13 14:40:23] 🔄 Ninja Forms Lead Generation Hook loaded and ready
[2025-08-13 14:40:24] 🔄 Ninja Forms Lead Generation Hook loaded and ready
[2025-08-13 14:40:24] 🔄 Ninja Forms Lead Generation Hook loaded and ready
[2025-08-13 14:40:27] 🔄 Ninja Forms Lead Generation Hook loaded and ready
[2025-08-13 14:40:27] 🔄 Ninja Forms Lead Generation Hook loaded and ready
[2025-08-13 14:40:27] 🔄 Ninja Forms Lead Generation Hook loaded and ready
[2025-08-13 14:40:27] 🔄 Ninja Forms Lead Generation Hook loaded and ready
[2025-08-13 14:40:28] 🔄 Ninja Forms Lead Generation Hook loaded and ready
[2025-08-13 14:41:04] 🔄 Ninja Forms Lead Generation Hook loaded and ready
[2025-08-13 14:41:05] 🔄 Ninja Forms Lead Generation Hook loaded and ready
[2025-08-13 14:41:07] 🔄 Ninja Forms Lead Generation Hook loaded and ready
[2025-08-13 14:41:07] 🔄 Ninja Forms Lead Generation Hook loaded and ready
[2025-08-13 14:41:10] 🔄 Ninja Forms Lead Generation Hook loaded and ready
[2025-08-13 14:41:10] 🔄 Ninja Forms Lead Generation Hook loaded and ready
[2025-08-13 14:41:11] 🔄 Ninja Forms Lead Generation Hook loaded and ready
[2025-08-13 14:41:11] 🔄 Ninja Forms Lead Generation Hook loaded and ready
[2025-08-13 14:41:12] 🔄 Ninja Forms Lead Generation Hook loaded and ready
[2025-08-13 14:41:13] 🔄 Ninja Forms Lead Generation Hook loaded and ready
[2025-08-13 14:41:14] 🔄 Ninja Forms Lead Generation Hook loaded and ready
[2025-08-13 14:41:14] 🔄 Ninja Forms Lead Generation Hook loaded and ready
[2025-08-13 14:41:16] 🔄 Ninja Forms Lead Generation Hook loaded and ready
[2025-08-13 14:41:16] 🔄 Ninja Forms Lead Generation Hook loaded and ready
[2025-08-13 14:43:44] 🔄 Ninja Forms Lead Generation Hook loaded and ready
[2025-08-13 14:43:46] 🔄 Ninja Forms Lead Generation Hook loaded and ready
[2025-08-13 14:43:49] 🔄 Ninja Forms Lead Generation Hook loaded and ready
[2025-08-13 14:43:51] 🔄 Ninja Forms Lead Generation Hook loaded and ready
[2025-08-13 14:43:53] 🔄 Ninja Forms Lead Generation Hook loaded and ready
[2025-08-13 14:43:53] 🔄 Ninja Forms Lead Generation Hook loaded and ready
[2025-08-13 14:43:55] 🔄 Ninja Forms Lead Generation Hook loaded and ready
[2025-08-13 14:43:55] 🔄 Ninja Forms Lead Generation Hook loaded and ready
[2025-08-13 14:43:58] 🔄 Ninja Forms Lead Generation Hook loaded and ready
[2025-08-13 14:43:58] 🔄 Ninja Forms Lead Generation Hook loaded and ready
[2025-08-13 14:44:00] 🔄 Ninja Forms Lead Generation Hook loaded and ready
[2025-08-13 14:44:01] 🔄 Ninja Forms Lead Generation Hook loaded and ready
[2025-08-13 14:44:05] 🔄 Ninja Forms Lead Generation Hook loaded and ready
[2025-08-13 15:02:45] 🔄 Ninja Forms Lead Generation Hook loaded and ready
[2025-08-13 15:02:46] 🔄 Ninja Forms Lead Generation Hook loaded and ready
[2025-08-13 15:02:48] 🔄 Ninja Forms Lead Generation Hook loaded and ready
[2025-08-13 15:02:48] 🔄 Ninja Forms Lead Generation Hook loaded and ready
[2025-08-13 15:02:51] 🔄 Ninja Forms Lead Generation Hook loaded and ready
[2025-08-13 15:02:51] 🔄 Ninja Forms Lead Generation Hook loaded and ready
[2025-08-13 15:02:54] 🔄 Ninja Forms Lead Generation Hook loaded and ready
[2025-08-13 15:02:58] 🔄 Ninja Forms Lead Generation Hook loaded and ready
[2025-08-13 15:02:58] 🔄 Ninja Forms Lead Generation Hook loaded and ready
[2025-08-13 15:03:00] 🔄 Ninja Forms Lead Generation Hook loaded and ready
[2025-08-13 15:03:07] 🔄 Ninja Forms Lead Generation Hook loaded and ready
[2025-08-13 15:03:13] 🔄 Ninja Forms Lead Generation Hook loaded and ready
[2025-08-13 15:03:17] 🔄 Ninja Forms Lead Generation Hook loaded and ready
[2025-08-13 15:03:25] 🔄 Ninja Forms Lead Generation Hook loaded and ready
[2025-08-13 15:03:27] 🔄 Ninja Forms Lead Generation Hook loaded and ready
[2025-08-13 15:03:27] 🔄 Ninja Forms Lead Generation Hook loaded and ready
[2025-08-13 15:03:30] 🔄 Ninja Forms Lead Generation Hook loaded and ready
[2025-08-13 15:03:30] 🔄 Ninja Forms Lead Generation Hook loaded and ready
[2025-08-13 15:03:32] 🔄 Ninja Forms Lead Generation Hook loaded and ready
[2025-08-13 15:03:33] 🔄 Ninja Forms Lead Generation Hook loaded and ready
[2025-08-13 15:03:37] 🔄 Ninja Forms Lead Generation Hook loaded and ready
[2025-08-13 15:03:37] 🔄 Ninja Forms Lead Generation Hook loaded and ready
[2025-08-13 15:03:39] 🔄 Ninja Forms Lead Generation Hook loaded and ready
[2025-08-13 15:03:49] 🔄 Ninja Forms Lead Generation Hook loaded and ready
[2025-08-13 15:03:50] 🔄 Ninja Forms Lead Generation Hook loaded and ready
[2025-08-13 15:03:59] 🔄 Ninja Forms Lead Generation Hook loaded and ready
[2025-08-13 15:04:09] 🔄 Ninja Forms Lead Generation Hook loaded and ready
[2025-08-13 15:04:19] 🔄 Ninja Forms Lead Generation Hook loaded and ready
[2025-08-13 15:04:29] 🔄 Ninja Forms Lead Generation Hook loaded and ready
[2025-08-13 15:04:29] 🔄 Ninja Forms Lead Generation Hook loaded and ready
[2025-08-13 15:04:39] 🔄 Ninja Forms Lead Generation Hook loaded and ready
[2025-08-13 15:04:49] 🔄 Ninja Forms Lead Generation Hook loaded and ready
[2025-08-13 15:04:51] 🔄 Ninja Forms Lead Generation Hook loaded and ready
[2025-08-13 15:04:59] 🔄 Ninja Forms Lead Generation Hook loaded and ready
[2025-08-13 15:05:09] 🔄 Ninja Forms Lead Generation Hook loaded and ready
[2025-08-13 15:05:19] 🔄 Ninja Forms Lead Generation Hook loaded and ready
[2025-08-13 15:05:29] 🔄 Ninja Forms Lead Generation Hook loaded and ready
[2025-08-13 15:05:29] 🔄 Ninja Forms Lead Generation Hook loaded and ready
[2025-08-13 15:05:39] 🔄 Ninja Forms Lead Generation Hook loaded and ready
[2025-08-13 15:05:49] 🔄 Ninja Forms Lead Generation Hook loaded and ready
[2025-08-13 15:05:49] 🔄 Ninja Forms Lead Generation Hook loaded and ready
[2025-08-13 15:05:59] 🔄 Ninja Forms Lead Generation Hook loaded and ready
[2025-08-13 15:06:09] 🔄 Ninja Forms Lead Generation Hook loaded and ready
[2025-08-13 15:06:19] 🔄 Ninja Forms Lead Generation Hook loaded and ready
[2025-08-13 15:06:29] 🔄 Ninja Forms Lead Generation Hook loaded and ready
[2025-08-13 15:06:29] 🔄 Ninja Forms Lead Generation Hook loaded and ready
[2025-08-13 15:06:39] 🔄 Ninja Forms Lead Generation Hook loaded and ready
[2025-08-13 15:06:49] 🔄 Ninja Forms Lead Generation Hook loaded and ready
[2025-08-13 15:06:49] 🔄 Ninja Forms Lead Generation Hook loaded and ready
[2025-08-13 15:06:59] 🔄 Ninja Forms Lead Generation Hook loaded and ready
[2025-08-13 15:07:09] 🔄 Ninja Forms Lead Generation Hook loaded and ready
[2025-08-13 15:07:19] 🔄 Ninja Forms Lead Generation Hook loaded and ready
[2025-08-13 15:07:29] 🔄 Ninja Forms Lead Generation Hook loaded and ready
[2025-08-13 15:07:29] 🔄 Ninja Forms Lead Generation Hook loaded and ready
[2025-08-13 15:07:39] 🔄 Ninja Forms Lead Generation Hook loaded and ready
[2025-08-13 15:07:39] 🔄 Ninja Forms Lead Generation Hook loaded and ready
[2025-08-13 15:07:49] 🔄 Ninja Forms Lead Generation Hook loaded and ready
[2025-08-13 15:07:49] 🔄 Ninja Forms Lead Generation Hook loaded and ready
[2025-08-13 15:07:59] 🔄 Ninja Forms Lead Generation Hook loaded and ready
[2025-08-13 15:07:59] 🔄 Ninja Forms Lead Generation Hook loaded and ready
[2025-08-13 15:08:09] 🔄 Ninja Forms Lead Generation Hook loaded and ready
[2025-08-13 15:08:19] 🔄 Ninja Forms Lead Generation Hook loaded and ready
[2025-08-13 15:08:29] 🔄 Ninja Forms Lead Generation Hook loaded and ready
[2025-08-13 15:08:29] 🔄 Ninja Forms Lead Generation Hook loaded and ready
[2025-08-13 15:08:39] 🔄 Ninja Forms Lead Generation Hook loaded and ready
[2025-08-13 15:08:49] 🔄 Ninja Forms Lead Generation Hook loaded and ready
[2025-08-13 15:08:49] 🔄 Ninja Forms Lead Generation Hook loaded and ready
[2025-08-13 15:08:59] 🔄 Ninja Forms Lead Generation Hook loaded and ready
[2025-08-13 15:09:09] 🔄 Ninja Forms Lead Generation Hook loaded and ready
[2025-08-13 15:09:19] 🔄 Ninja Forms Lead Generation Hook loaded and ready
[2025-08-13 15:11:19] 🔄 Ninja Forms Lead Generation Hook loaded and ready
[2025-08-13 15:11:20] 🔄 Ninja Forms Lead Generation Hook loaded and ready
[2025-08-13 15:13:19] 🔄 Ninja Forms Lead Generation Hook loaded and ready
[2025-08-13 15:13:20] 🔄 Ninja Forms Lead Generation Hook loaded and ready
[2025-08-13 15:15:19] 🔄 Ninja Forms Lead Generation Hook loaded and ready
[2025-08-13 15:15:20] 🔄 Ninja Forms Lead Generation Hook loaded and ready
[2025-08-13 15:15:33] 🔄 Ninja Forms Lead Generation Hook loaded and ready
[2025-08-13 15:15:42] 🔄 Ninja Forms Lead Generation Hook loaded and ready
[2025-08-13 20:22:22] 🔄 Ninja Forms Lead Generation Hook loaded and ready
[2025-08-13 20:22:22] 🔄 Ninja Forms Lead Generation Hook loaded and ready
[2025-08-13 20:22:22] 🔄 Ninja Forms Lead Generation Hook loaded and ready
[2025-08-13 20:22:25] 🔄 Ninja Forms Lead Generation Hook loaded and ready
[2025-08-13 20:22:27] 🔄 Ninja Forms Lead Generation Hook loaded and ready
[2025-08-13 20:22:31] 🔄 Ninja Forms Lead Generation Hook loaded and ready
[2025-08-13 20:22:31] 🔄 Ninja Forms Lead Generation Hook loaded and ready
[2025-08-13 20:22:31] 🔄 Ninja Forms Lead Generation Hook loaded and ready
[2025-08-13 20:22:31] 🔄 Ninja Forms Lead Generation Hook loaded and ready
[2025-08-13 20:22:32] 🔄 Ninja Forms Lead Generation Hook loaded and ready
[2025-08-13 20:22:33] 🔄 Ninja Forms Lead Generation Hook loaded and ready
[2025-08-13 20:22:33] 🔄 Ninja Forms Lead Generation Hook loaded and ready
[2025-08-13 20:22:37] 🔄 Ninja Forms Lead Generation Hook loaded and ready
[2025-08-13 20:22:37] 🔄 Ninja Forms Lead Generation Hook loaded and ready
[2025-08-13 20:22:37] 🔄 Ninja Forms Lead Generation Hook loaded and ready
[2025-08-13 20:22:37] 🔄 Ninja Forms Lead Generation Hook loaded and ready
[2025-08-13 20:22:38] 🔄 Ninja Forms Lead Generation Hook loaded and ready
[2025-08-13 20:22:38] 🔄 Ninja Forms Lead Generation Hook loaded and ready
[2025-08-13 20:22:39] 🔄 Ninja Forms Lead Generation Hook loaded and ready
[2025-08-13 20:23:38] 🔄 Ninja Forms Lead Generation Hook loaded and ready
[2025-08-13 20:23:39] 🔄 Ninja Forms Lead Generation Hook loaded and ready
[2025-08-13 20:24:12] 🔄 Ninja Forms Lead Generation Hook loaded and ready
[2025-08-13 20:24:12] 🔄 Ninja Forms Lead Generation Hook loaded and ready
[2025-08-13 20:24:39] 🔄 Ninja Forms Lead Generation Hook loaded and ready
[2025-08-13 20:25:01] 🔄 Ninja Forms Lead Generation Hook loaded and ready
[2025-08-13 20:25:01] 🔄 Ninja Forms Lead Generation Hook loaded and ready
[2025-08-13 20:25:44] 🔄 Ninja Forms Lead Generation Hook loaded and ready
[2025-08-13 20:25:45] 🔄 Ninja Forms Lead Generation Hook loaded and ready
[2025-08-13 20:27:54] 🔄 Ninja Forms Lead Generation Hook loaded and ready
[2025-08-13 20:27:55] 🔄 Ninja Forms Lead Generation Hook loaded and ready
[2025-08-13 20:33:37] 🔄 Ninja Forms Lead Generation Hook loaded and ready
[2025-08-13 20:33:38] 🔄 Ninja Forms Lead Generation Hook loaded and ready
[2025-08-13 20:33:39] 🔄 Ninja Forms Lead Generation Hook loaded and ready
[2025-08-13 20:33:42] 🔄 Ninja Forms Lead Generation Hook loaded and ready
[2025-08-13 20:33:43] 🔄 Ninja Forms Lead Generation Hook loaded and ready
[2025-08-13 20:33:44] 🔄 Ninja Forms Lead Generation Hook loaded and ready
[2025-08-13 20:33:47] 🔄 Ninja Forms Lead Generation Hook loaded and ready
[2025-08-13 20:33:47] 🔄 Ninja Forms Lead Generation Hook loaded and ready
[2025-08-13 20:33:48] 🔄 Ninja Forms Lead Generation Hook loaded and ready
[2025-08-13 20:33:48] 🔄 Ninja Forms Lead Generation Hook loaded and ready
[2025-08-13 20:33:52] 🔄 Ninja Forms Lead Generation Hook loaded and ready
[2025-08-13 20:33:55] 🔄 Ninja Forms Lead Generation Hook loaded and ready
[2025-08-13 20:33:55] 🔄 Ninja Forms Lead Generation Hook loaded and ready
[2025-08-13 20:33:58] 🔄 Ninja Forms Lead Generation Hook loaded and ready
[2025-08-13 20:33:58] 🔄 Ninja Forms Lead Generation Hook loaded and ready
[2025-08-13 20:33:59] 🔄 Ninja Forms Lead Generation Hook loaded and ready
[2025-08-13 20:34:03] 🔄 Ninja Forms Lead Generation Hook loaded and ready
[2025-08-13 20:34:03] 🔄 Ninja Forms Lead Generation Hook loaded and ready
[2025-08-13 20:34:04] 🔄 Ninja Forms Lead Generation Hook loaded and ready
[2025-08-13 20:35:06] 🔄 Ninja Forms Lead Generation Hook loaded and ready
[2025-08-13 20:35:06] 🔄 Ninja Forms Lead Generation Hook loaded and ready
[2025-08-13 20:37:07] 🔄 Ninja Forms Lead Generation Hook loaded and ready
[2025-08-13 20:37:08] 🔄 Ninja Forms Lead Generation Hook loaded and ready
[2025-08-13 20:39:08] 🔄 Ninja Forms Lead Generation Hook loaded and ready
[2025-08-13 20:39:09] 🔄 Ninja Forms Lead Generation Hook loaded and ready
[2025-08-13 20:41:09] 🔄 Ninja Forms Lead Generation Hook loaded and ready
[2025-08-13 20:41:10] 🔄 Ninja Forms Lead Generation Hook loaded and ready
[2025-08-13 20:43:11] 🔄 Ninja Forms Lead Generation Hook loaded and ready
[2025-08-13 20:43:12] 🔄 Ninja Forms Lead Generation Hook loaded and ready
[2025-08-13 20:45:11] 🔄 Ninja Forms Lead Generation Hook loaded and ready
[2025-08-13 20:45:11] 🔄 Ninja Forms Lead Generation Hook loaded and ready
[2025-08-13 20:47:12] 🔄 Ninja Forms Lead Generation Hook loaded and ready
[2025-08-13 20:47:12] 🔄 Ninja Forms Lead Generation Hook loaded and ready
[2025-08-13 20:49:13] 🔄 Ninja Forms Lead Generation Hook loaded and ready
[2025-08-13 20:49:13] 🔄 Ninja Forms Lead Generation Hook loaded and ready
[2025-08-13 20:51:14] 🔄 Ninja Forms Lead Generation Hook loaded and ready
[2025-08-13 20:51:14] 🔄 Ninja Forms Lead Generation Hook loaded and ready
[2025-08-13 20:53:15] 🔄 Ninja Forms Lead Generation Hook loaded and ready
[2025-08-13 20:53:16] 🔄 Ninja Forms Lead Generation Hook loaded and ready
[2025-08-13 20:55:16] 🔄 Ninja Forms Lead Generation Hook loaded and ready
[2025-08-13 20:55:16] 🔄 Ninja Forms Lead Generation Hook loaded and ready
[2025-08-13 20:57:17] 🔄 Ninja Forms Lead Generation Hook loaded and ready
[2025-08-13 20:57:17] 🔄 Ninja Forms Lead Generation Hook loaded and ready
[2025-08-13 20:59:18] 🔄 Ninja Forms Lead Generation Hook loaded and ready
[2025-08-13 20:59:19] 🔄 Ninja Forms Lead Generation Hook loaded and ready
[2025-08-13 21:01:19] 🔄 Ninja Forms Lead Generation Hook loaded and ready
[2025-08-13 21:01:20] 🔄 Ninja Forms Lead Generation Hook loaded and ready
[2025-08-13 21:03:20] 🔄 Ninja Forms Lead Generation Hook loaded and ready
[2025-08-13 21:03:21] 🔄 Ninja Forms Lead Generation Hook loaded and ready
[2025-08-13 21:05:21] 🔄 Ninja Forms Lead Generation Hook loaded and ready
[2025-08-13 21:05:21] 🔄 Ninja Forms Lead Generation Hook loaded and ready
[2025-08-13 21:07:22] 🔄 Ninja Forms Lead Generation Hook loaded and ready
[2025-08-13 21:07:22] 🔄 Ninja Forms Lead Generation Hook loaded and ready
[2025-08-13 21:09:23] 🔄 Ninja Forms Lead Generation Hook loaded and ready
[2025-08-13 21:09:23] 🔄 Ninja Forms Lead Generation Hook loaded and ready
[2025-08-13 21:11:24] 🔄 Ninja Forms Lead Generation Hook loaded and ready
[2025-08-13 21:11:25] 🔄 Ninja Forms Lead Generation Hook loaded and ready
[2025-08-13 21:13:25] 🔄 Ninja Forms Lead Generation Hook loaded and ready
[2025-08-13 21:13:26] 🔄 Ninja Forms Lead Generation Hook loaded and ready
[2025-08-13 21:15:25] 🔄 Ninja Forms Lead Generation Hook loaded and ready
[2025-08-13 21:15:26] 🔄 Ninja Forms Lead Generation Hook loaded and ready
[2025-08-13 21:17:27] 🔄 Ninja Forms Lead Generation Hook loaded and ready
[2025-08-13 21:17:27] 🔄 Ninja Forms Lead Generation Hook loaded and ready
