[2025-08-13 11:52:25] [INFO] Webinar registration started | {"webinar_id":160746,"email":"levon.gravett@supersonic-playground.com","speaker_question":"","sponsor_optin":0}
[2025-08-13 11:52:25] [INFO] Webinar ACF fields | {"workbook_reference":"5473","campaign_reference":"CAMP-43028"}
[2025-08-13 11:52:26] [INFO] Workbooks person search response | {"success":true,"data":[{"id":4278940}],"total":2}
[2025-08-13 11:52:26] [INFO] Found existing person in Workbooks | {"person_id":4278940}
[2025-08-13 11:52:26] [INFO] Workbooks ticket search params | {"event_id":5473,"person_id":4278940}
[2025-08-13 11:52:26] [INFO] Workbooks ticket search response | {"success":true,"data":[{"lock_version":2,"id":810816}],"total":2}
[2025-08-13 11:52:26] [INFO] Found existing ticket for this person/event | {"ticket_id":810816,"lock_version":2}
[2025-08-13 11:52:26] [INFO] Adding sponsor opt-in to ticket | {"sponsor_opt_in":"No"}
[2025-08-13 11:52:26] [INFO] Complete ticket payload created with speaker question and opt-in data | [{"event_id":5473,"person_id":4278940,"name":"Levon Gravett","status":"Registered","cf_event_ticket_sponsor_optin":false}]
[2025-08-13 11:52:26] [INFO] Updating existing ticket | {"ticket_id":810816}
[2025-08-13 11:52:27] [INFO] Raw update response received | {"success":true,"affected_objects":[{"lock_version":2,"id":810816}],"updates":{"data":{"immediate":["private_event_ticket"]}},"flash":"saved successfully","affected_object_information":[{"success":true,"errors":[],"warnings":[]}]}
[2025-08-13 11:52:27] [INFO] Workbooks ticket API response | {"success":true,"affected_objects":[{"lock_version":2,"id":810816}],"updates":{"data":{"immediate":["private_event_ticket"]}},"flash":"saved successfully","affected_object_information":[{"success":true,"errors":[],"warnings":[]}]}
[2025-08-13 11:52:27] [INFO] Fields actually updated in ticket | {"lock_version":2,"id":810816}
[2025-08-13 11:52:27] [SUCCESS] Webinar registration submitted | {"ticket_id":810816}
[2025-08-13 11:56:29] [INFO] Webinar registration started | {"webinar_id":160746,"email":"levon.gravett@supersonic-playground.com","speaker_question":"","sponsor_optin":0}
[2025-08-13 11:56:29] [INFO] Webinar ACF fields | {"workbook_reference":"5473","campaign_reference":"CAMP-43028"}
[2025-08-13 11:56:30] [INFO] Workbooks person search response | {"success":true,"data":[{"id":4278940}],"total":2}
[2025-08-13 11:56:30] [INFO] Found existing person in Workbooks | {"person_id":4278940}
[2025-08-13 11:56:30] [INFO] Workbooks ticket search params | {"event_id":5473,"person_id":4278940}
[2025-08-13 11:56:30] [INFO] Workbooks ticket search response | {"success":true,"data":[],"total":0}
[2025-08-13 11:56:30] [INFO] No existing ticket found - will create new one
[2025-08-13 11:56:30] [INFO] Adding sponsor opt-in to ticket | {"sponsor_opt_in":"No"}
[2025-08-13 11:56:30] [INFO] Complete ticket payload created with speaker question and opt-in data | [{"event_id":5473,"person_id":4278940,"name":"Levon Gravett","status":"Registered","cf_event_ticket_sponsor_optin":false}]
[2025-08-13 11:56:30] [INFO] Creating new ticket
[2025-08-13 11:56:31] [INFO] Create response received | {"success":true,"affected_objects":[{"id":811542,"photo_url":null,"badge_job_title":null,"created_by_user[person_name]":"Levon Gravett","_can_chaccess":true,"owner_id":152350,"updated_at":"Wed Aug 13 11:56:31 UTC 2025","_can_chown":true,"name":"Levon Gravett","cf_event_ticket_ticket_value_net":"  0","cf_event_ticket_epr_third_party":false,"cf_event_ticket_grr_news":false,"cf_event_ticket_ticket_description":null,"cf_event_ticket_dtr_news":false,"product_id":null,"created_through":"wp_workbooks_plugin","cf_event_ticket_ticket_category":null,"_can_modify":true,"cf_event_ticket_it_third_party":false,"imported":false,"cf_event_ticket_ticket_value":"0.0 GBP 0","first_used_at":null,"badge_name":"Levon Gravett","updated_by":152350,"object_url":"https:\/\/russellpublishing-live.workbooks.com\/link\/3cDMzUTM\/TICKET-398498","created_by_user[login_name]":"levon.gravett@supersonic-playground.com","updated_by_user[login_name]":"levon.gravett@supersonic-playground.com","type":"Private::Event::Ticket","cf_event_ticket_iar_news":false,"cf_event_ticket_nf_news":false,"is_deleted":false,"badge_organisation_name":null,"created_at":"Wed Aug 13 11:56:31 UTC 2025","created_through_reference":"","updated_by_user[person_name]":"Levon Gravett","cf_event_ticket_campaign_source":null,"_can_delete":true,"cf_event_ticket_attendee_record__name":null,"cf_event_ticket_epr_news":false,"unique_token":"AYDE39H","cf_event_ticket_iar_third_party":false,"cf_event_ticket_it_news":false,"accessibility_requirements":null,"cf_event_ticket_speaker_created":false,"created_by":152350,"cf_event_ticket_ticket_value_net_gbp":"  0","cf_event_ticket_grr_third_party":false,"cf_event_ticket_event_vip":false,"cf_event_ticket_dtr_third_party":false,"email":null,"owner[login_name]":"levon.gravett@supersonic-playground.com","cf_event_ticket_attendee_record":null,"status":"Registered","cf_event_ticket_process_status":null,"owner[person_name]":"Levon Gravett","person_id":4278940,"sales_order_line_item_id":null,"object_ref":"TICKET-398498","_can_read":true,"linked_item_association_for_cf_event_ticket_attendee_record":null,"last_used_at":null,"sales_order_id":null,"_preload_linked_item_association_for_cf_event_ticket_attendee_record":"","dietary_requirements":null,"cf_event_ticket_nf_third_party":false,"cf_event_ticket_speaker_questions":null,"lock_version":0,"cf_event_ticket_sponsor_optin":false,"event_id":5473}],"updates":{"data":{"immediate":["private_event_ticket"]}},"flash":"saved successfully","affected_object_information":[{"success":true,"errors":[],"warnings":[]}]}
[2025-08-13 11:56:31] [INFO] Workbooks ticket API response | {"success":true,"affected_objects":[{"id":811542,"photo_url":null,"badge_job_title":null,"created_by_user[person_name]":"Levon Gravett","_can_chaccess":true,"owner_id":152350,"updated_at":"Wed Aug 13 11:56:31 UTC 2025","_can_chown":true,"name":"Levon Gravett","cf_event_ticket_ticket_value_net":"  0","cf_event_ticket_epr_third_party":false,"cf_event_ticket_grr_news":false,"cf_event_ticket_ticket_description":null,"cf_event_ticket_dtr_news":false,"product_id":null,"created_through":"wp_workbooks_plugin","cf_event_ticket_ticket_category":null,"_can_modify":true,"cf_event_ticket_it_third_party":false,"imported":false,"cf_event_ticket_ticket_value":"0.0 GBP 0","first_used_at":null,"badge_name":"Levon Gravett","updated_by":152350,"object_url":"https:\/\/russellpublishing-live.workbooks.com\/link\/3cDMzUTM\/TICKET-398498","created_by_user[login_name]":"levon.gravett@supersonic-playground.com","updated_by_user[login_name]":"levon.gravett@supersonic-playground.com","type":"Private::Event::Ticket","cf_event_ticket_iar_news":false,"cf_event_ticket_nf_news":false,"is_deleted":false,"badge_organisation_name":null,"created_at":"Wed Aug 13 11:56:31 UTC 2025","created_through_reference":"","updated_by_user[person_name]":"Levon Gravett","cf_event_ticket_campaign_source":null,"_can_delete":true,"cf_event_ticket_attendee_record__name":null,"cf_event_ticket_epr_news":false,"unique_token":"AYDE39H","cf_event_ticket_iar_third_party":false,"cf_event_ticket_it_news":false,"accessibility_requirements":null,"cf_event_ticket_speaker_created":false,"created_by":152350,"cf_event_ticket_ticket_value_net_gbp":"  0","cf_event_ticket_grr_third_party":false,"cf_event_ticket_event_vip":false,"cf_event_ticket_dtr_third_party":false,"email":null,"owner[login_name]":"levon.gravett@supersonic-playground.com","cf_event_ticket_attendee_record":null,"status":"Registered","cf_event_ticket_process_status":null,"owner[person_name]":"Levon Gravett","person_id":4278940,"sales_order_line_item_id":null,"object_ref":"TICKET-398498","_can_read":true,"linked_item_association_for_cf_event_ticket_attendee_record":null,"last_used_at":null,"sales_order_id":null,"_preload_linked_item_association_for_cf_event_ticket_attendee_record":"","dietary_requirements":null,"cf_event_ticket_nf_third_party":false,"cf_event_ticket_speaker_questions":null,"lock_version":0,"cf_event_ticket_sponsor_optin":false,"event_id":5473}],"updates":{"data":{"immediate":["private_event_ticket"]}},"flash":"saved successfully","affected_object_information":[{"success":true,"errors":[],"warnings":[]}]}
[2025-08-13 11:56:31] [INFO] Fields actually updated in ticket | {"id":811542,"photo_url":null,"badge_job_title":null,"created_by_user[person_name]":"Levon Gravett","_can_chaccess":true,"owner_id":152350,"updated_at":"Wed Aug 13 11:56:31 UTC 2025","_can_chown":true,"name":"Levon Gravett","cf_event_ticket_ticket_value_net":"  0","cf_event_ticket_epr_third_party":false,"cf_event_ticket_grr_news":false,"cf_event_ticket_ticket_description":null,"cf_event_ticket_dtr_news":false,"product_id":null,"created_through":"wp_workbooks_plugin","cf_event_ticket_ticket_category":null,"_can_modify":true,"cf_event_ticket_it_third_party":false,"imported":false,"cf_event_ticket_ticket_value":"0.0 GBP 0","first_used_at":null,"badge_name":"Levon Gravett","updated_by":152350,"object_url":"https:\/\/russellpublishing-live.workbooks.com\/link\/3cDMzUTM\/TICKET-398498","created_by_user[login_name]":"levon.gravett@supersonic-playground.com","updated_by_user[login_name]":"levon.gravett@supersonic-playground.com","type":"Private::Event::Ticket","cf_event_ticket_iar_news":false,"cf_event_ticket_nf_news":false,"is_deleted":false,"badge_organisation_name":null,"created_at":"Wed Aug 13 11:56:31 UTC 2025","created_through_reference":"","updated_by_user[person_name]":"Levon Gravett","cf_event_ticket_campaign_source":null,"_can_delete":true,"cf_event_ticket_attendee_record__name":null,"cf_event_ticket_epr_news":false,"unique_token":"AYDE39H","cf_event_ticket_iar_third_party":false,"cf_event_ticket_it_news":false,"accessibility_requirements":null,"cf_event_ticket_speaker_created":false,"created_by":152350,"cf_event_ticket_ticket_value_net_gbp":"  0","cf_event_ticket_grr_third_party":false,"cf_event_ticket_event_vip":false,"cf_event_ticket_dtr_third_party":false,"email":null,"owner[login_name]":"levon.gravett@supersonic-playground.com","cf_event_ticket_attendee_record":null,"status":"Registered","cf_event_ticket_process_status":null,"owner[person_name]":"Levon Gravett","person_id":4278940,"sales_order_line_item_id":null,"object_ref":"TICKET-398498","_can_read":true,"linked_item_association_for_cf_event_ticket_attendee_record":null,"last_used_at":null,"sales_order_id":null,"_preload_linked_item_association_for_cf_event_ticket_attendee_record":"","dietary_requirements":null,"cf_event_ticket_nf_third_party":false,"cf_event_ticket_speaker_questions":null,"lock_version":0,"cf_event_ticket_sponsor_optin":false,"event_id":5473}
[2025-08-13 11:56:31] [SUCCESS] Webinar registration submitted | {"ticket_id":811542}
[2025-08-13 12:23:44] [INFO] Webinar registration started | {"webinar_id":160746,"email":"levon.gravett@supersonic-playground.com","speaker_question":"","sponsor_optin":0}
[2025-08-13 12:23:44] [INFO] Webinar ACF fields | {"workbook_reference":"5473","campaign_reference":"CAMP-43028"}
[2025-08-13 12:23:46] [INFO] Workbooks person search response | {"success":true,"data":[{"id":4278940}],"total":2}
[2025-08-13 12:23:46] [INFO] Found existing person in Workbooks | {"person_id":4278940}
[2025-08-13 12:23:47] [INFO] Workbooks ticket search params | {"event_id":5473,"person_id":4278940}
[2025-08-13 12:23:47] [INFO] Workbooks ticket search response | {"success":true,"data":[{"lock_version":1,"id":811542}],"total":1}
[2025-08-13 12:23:47] [INFO] Found existing ticket for this person/event | {"ticket_id":811542,"lock_version":1}
[2025-08-13 12:23:47] [INFO] Adding sponsor opt-in to ticket | {"sponsor_opt_in":"No"}
[2025-08-13 12:23:47] [INFO] Complete ticket payload created with speaker question and opt-in data | [{"event_id":5473,"person_id":4278940,"name":"Levon Gravett","status":"Registered","cf_event_ticket_sponsor_optin":false}]
[2025-08-13 12:23:47] [INFO] Updating existing ticket | {"ticket_id":811542}
[2025-08-13 12:23:47] [INFO] Raw update response received | {"success":true,"affected_objects":[{"lock_version":1,"id":811542}],"updates":{"data":{"immediate":["private_event_ticket"]}},"flash":"saved successfully","affected_object_information":[{"success":true,"errors":[],"warnings":[]}]}
[2025-08-13 12:23:47] [INFO] Workbooks ticket API response | {"success":true,"affected_objects":[{"lock_version":1,"id":811542}],"updates":{"data":{"immediate":["private_event_ticket"]}},"flash":"saved successfully","affected_object_information":[{"success":true,"errors":[],"warnings":[]}]}
[2025-08-13 12:23:47] [INFO] Fields actually updated in ticket | {"lock_version":1,"id":811542}
[2025-08-13 12:23:47] [SUCCESS] Webinar registration submitted | {"ticket_id":811542}
[2025-08-13 12:58:23] [INFO] Webinar registration started | {"webinar_id":160746,"email":"levon.gravett@supersonic-playground.com","speaker_question":"","add_questions":"","sponsor_optin":0}
[2025-08-13 12:58:23] [INFO] Webinar ACF fields | {"workbook_reference":"5473","campaign_reference":"CAMP-43028"}
[2025-08-13 12:58:25] [INFO] Workbooks person search response | {"success":true,"data":[{"id":4278940}],"total":2}
[2025-08-13 12:58:25] [INFO] Found existing person in Workbooks | {"person_id":4278940}
[2025-08-13 12:58:26] [INFO] Workbooks ticket search params | {"event_id":5473,"person_id":4278940}
[2025-08-13 12:58:26] [INFO] Workbooks ticket search response | {"success":true,"data":[{"lock_version":1,"id":811542}],"total":1}
[2025-08-13 12:58:26] [INFO] Found existing ticket for this person/event | {"ticket_id":811542,"lock_version":1}
[2025-08-13 12:58:26] [INFO] Adding sponsor opt-in to ticket | {"sponsor_opt_in":"No"}
[2025-08-13 12:58:26] [INFO] Complete ticket payload created with speaker/add_questions and opt-in data | [{"event_id":5473,"person_id":4278940,"name":"Levon Gravett","status":"Registered","cf_event_ticket_sponsor_optin":false}]
[2025-08-13 12:58:26] [INFO] Updating existing ticket | {"ticket_id":811542}
[2025-08-13 12:58:26] [INFO] Raw update response received | {"success":true,"affected_objects":[{"id":811542,"lock_version":1}],"updates":{"data":{"immediate":["private_event_ticket"]}},"flash":"saved successfully","affected_object_information":[{"success":true,"errors":[],"warnings":[]}]}
[2025-08-13 12:58:26] [INFO] Workbooks ticket API response | {"success":true,"affected_objects":[{"id":811542,"lock_version":1}],"updates":{"data":{"immediate":["private_event_ticket"]}},"flash":"saved successfully","affected_object_information":[{"success":true,"errors":[],"warnings":[]}]}
[2025-08-13 12:58:26] [INFO] Fields actually updated in ticket | {"id":811542,"lock_version":1}
[2025-08-13 12:58:26] [SUCCESS] Webinar registration submitted | {"ticket_id":811542}
[2025-08-13 13:22:41] [INFO] Webinar registration started | {"webinar_id":160746,"email":"levon.gravett@supersonic-playground.com","speaker_question":"","add_questions":"","sponsor_optin":0}
[2025-08-13 13:22:41] [INFO] Webinar ACF fields | {"workbook_reference":"5473","campaign_reference":"CAMP-43028"}
[2025-08-13 13:22:43] [INFO] Workbooks person search response | {"success":true,"data":[{"id":4278940}],"total":2}
[2025-08-13 13:22:43] [INFO] Found existing person in Workbooks | {"person_id":4278940}
[2025-08-13 13:22:43] [INFO] Workbooks ticket search params | {"event_id":5473,"person_id":4278940}
[2025-08-13 13:22:43] [INFO] Workbooks ticket search response | {"success":true,"data":[{"lock_version":1,"id":811542}],"total":1}
[2025-08-13 13:22:43] [INFO] Found existing ticket for this person/event | {"ticket_id":811542,"lock_version":1}
[2025-08-13 13:22:43] [INFO] Adding sponsor opt-in to ticket | {"sponsor_opt_in":"No"}
[2025-08-13 13:22:43] [INFO] Complete ticket payload created with speaker/add_questions and opt-in data | [{"event_id":5473,"person_id":4278940,"name":"Levon Gravett","status":"Registered","cf_event_ticket_sponsor_optin":false}]
[2025-08-13 13:22:43] [INFO] Updating existing ticket | {"ticket_id":811542}
[2025-08-13 13:22:44] [INFO] Raw update response received | {"success":true,"affected_objects":[{"id":811542,"lock_version":1}],"updates":{"data":{"immediate":["private_event_ticket"]}},"flash":"saved successfully","affected_object_information":[{"success":true,"errors":[],"warnings":[]}]}
[2025-08-13 13:22:44] [INFO] Workbooks ticket API response | {"success":true,"affected_objects":[{"id":811542,"lock_version":1}],"updates":{"data":{"immediate":["private_event_ticket"]}},"flash":"saved successfully","affected_object_information":[{"success":true,"errors":[],"warnings":[]}]}
[2025-08-13 13:22:44] [INFO] Fields actually updated in ticket | {"id":811542,"lock_version":1}
[2025-08-13 13:22:44] [SUCCESS] Webinar registration submitted | {"ticket_id":811542}
[2025-08-13 13:49:03] [INFO] Webinar registration started | {"webinar_id":160746,"email":"levon.gravett@supersonic-playground.com","speaker_question":"","add_questions":"","sponsor_optin":0}
[2025-08-13 13:49:03] [INFO] Webinar ACF fields | {"workbook_reference":"5473","campaign_reference":"CAMP-43028"}
[2025-08-13 13:49:03] [INFO] Workbooks person search response | {"success":true,"data":[{"id":4278940}],"total":2}
[2025-08-13 13:49:03] [INFO] Found existing person in Workbooks | {"person_id":4278940}
[2025-08-13 13:49:04] [INFO] Workbooks ticket search params | {"event_id":5473,"person_id":4278940}
[2025-08-13 13:49:04] [INFO] Workbooks ticket search response | {"success":true,"data":[{"lock_version":1,"id":811542}],"total":1}
[2025-08-13 13:49:04] [INFO] Found existing ticket for this person/event | {"ticket_id":811542,"lock_version":1}
[2025-08-13 13:49:04] [INFO] Adding sponsor opt-in to ticket | {"sponsor_opt_in":"No"}
[2025-08-13 13:49:04] [INFO] Complete ticket payload created with speaker/add_questions and opt-in data | [{"event_id":5473,"person_id":4278940,"name":"Levon Gravett","status":"Registered","cf_event_ticket_sponsor_optin":false}]
[2025-08-13 13:49:04] [INFO] Updating existing ticket | {"ticket_id":811542}
[2025-08-13 13:49:04] [INFO] Raw update response received | {"success":true,"affected_objects":[{"lock_version":1,"id":811542}],"updates":{"data":{"immediate":["private_event_ticket"]}},"flash":"saved successfully","affected_object_information":[{"success":true,"errors":[],"warnings":[]}]}
[2025-08-13 13:49:04] [INFO] Workbooks ticket API response | {"success":true,"affected_objects":[{"lock_version":1,"id":811542}],"updates":{"data":{"immediate":["private_event_ticket"]}},"flash":"saved successfully","affected_object_information":[{"success":true,"errors":[],"warnings":[]}]}
[2025-08-13 13:49:04] [INFO] Fields actually updated in ticket | {"lock_version":1,"id":811542}
[2025-08-13 13:49:04] [SUCCESS] Webinar registration submitted | {"ticket_id":811542}
[2025-08-13 13:52:17] [INFO] Webinar registration started | {"webinar_id":160746,"email":"levon.gravett@supersonic-playground.com","speaker_question":"","add_questions":"","sponsor_optin":0}
[2025-08-13 13:52:17] [INFO] Webinar ACF fields | {"workbook_reference":"5473","campaign_reference":"CAMP-43028"}
[2025-08-13 13:52:18] [INFO] Workbooks person search response | {"success":true,"data":[{"id":4278940}],"total":2}
[2025-08-13 13:52:18] [INFO] Found existing person in Workbooks | {"person_id":4278940}
[2025-08-13 13:52:19] [INFO] Workbooks ticket search params | {"event_id":5473,"person_id":4278940}
[2025-08-13 13:52:19] [INFO] Workbooks ticket search response | {"success":true,"data":[{"lock_version":1,"id":811542}],"total":1}
[2025-08-13 13:52:19] [INFO] Found existing ticket for this person/event | {"ticket_id":811542,"lock_version":1}
[2025-08-13 13:52:19] [INFO] Adding sponsor opt-in to ticket | {"sponsor_opt_in":"No"}
[2025-08-13 13:52:19] [INFO] Complete ticket payload created with speaker/add_questions and opt-in data | [{"event_id":5473,"person_id":4278940,"name":"Levon Gravett","status":"Registered","cf_event_ticket_sponsor_optin":false}]
[2025-08-13 13:52:19] [INFO] Updating existing ticket | {"ticket_id":811542}
[2025-08-13 13:52:19] [INFO] Raw update response received | {"success":true,"affected_objects":[{"lock_version":1,"id":811542}],"updates":{"data":{"immediate":["private_event_ticket"]}},"flash":"saved successfully","affected_object_information":[{"success":true,"errors":[],"warnings":[]}]}
[2025-08-13 13:52:19] [INFO] Workbooks ticket API response | {"success":true,"affected_objects":[{"lock_version":1,"id":811542}],"updates":{"data":{"immediate":["private_event_ticket"]}},"flash":"saved successfully","affected_object_information":[{"success":true,"errors":[],"warnings":[]}]}
[2025-08-13 13:52:19] [INFO] Fields actually updated in ticket | {"lock_version":1,"id":811542}
[2025-08-13 13:52:19] [SUCCESS] Webinar registration submitted | {"ticket_id":811542}
[2025-08-13 14:03:01] [INFO] Webinar registration started | {"webinar_id":160746,"email":"levon.gravett@supersonic-playground.com","speaker_question":"","add_questions":"","sponsor_optin":0}
[2025-08-13 14:03:01] [INFO] Webinar ACF fields | {"workbook_reference":"5473","campaign_reference":"CAMP-43028"}
[2025-08-13 14:03:02] [INFO] Workbooks person search response | {"success":true,"data":[{"id":4278940}],"total":2}
[2025-08-13 14:03:02] [INFO] Found existing person in Workbooks | {"person_id":4278940}
[2025-08-13 14:03:02] [INFO] Workbooks ticket search params | {"event_id":5473,"person_id":4278940}
[2025-08-13 14:03:02] [INFO] Workbooks ticket search response | {"success":true,"data":[{"lock_version":1,"id":811542}],"total":1}
[2025-08-13 14:03:02] [INFO] Found existing ticket for this person/event | {"ticket_id":811542,"lock_version":1}
[2025-08-13 14:03:02] [INFO] Adding sponsor opt-in to ticket | {"sponsor_opt_in":"No"}
[2025-08-13 14:03:02] [INFO] Complete ticket payload created with speaker/add_questions and opt-in data | [{"event_id":5473,"person_id":4278940,"name":"Levon Gravett","status":"Registered","cf_event_ticket_sponsor_optin":false}]
[2025-08-13 14:03:02] [INFO] Updating existing ticket | {"ticket_id":811542}
[2025-08-13 14:03:03] [INFO] Raw update response received | {"success":true,"affected_objects":[{"id":811542,"lock_version":1}],"updates":{"data":{"immediate":["private_event_ticket"]}},"flash":"saved successfully","affected_object_information":[{"success":true,"errors":[],"warnings":[]}]}
[2025-08-13 14:03:03] [INFO] Workbooks ticket API response | {"success":true,"affected_objects":[{"id":811542,"lock_version":1}],"updates":{"data":{"immediate":["private_event_ticket"]}},"flash":"saved successfully","affected_object_information":[{"success":true,"errors":[],"warnings":[]}]}
[2025-08-13 14:03:03] [INFO] Fields actually updated in ticket | {"id":811542,"lock_version":1}
[2025-08-13 14:03:03] [SUCCESS] Webinar registration submitted | {"ticket_id":811542}
[2025-08-13 14:06:32] [INFO] Webinar registration started | {"webinar_id":160746,"email":"levon.gravett@supersonic-playground.com","speaker_question":"","add_questions":"","sponsor_optin":0}
[2025-08-13 14:06:32] [INFO] Webinar ACF fields | {"workbook_reference":"5473","campaign_reference":"CAMP-43028"}
[2025-08-13 14:06:33] [INFO] Workbooks person search response | {"success":true,"data":[{"id":4278940}],"total":2}
[2025-08-13 14:06:33] [INFO] Found existing person in Workbooks | {"person_id":4278940}
[2025-08-13 14:06:34] [INFO] Workbooks ticket search params | {"event_id":5473,"person_id":4278940}
[2025-08-13 14:06:34] [INFO] Workbooks ticket search response | {"success":true,"data":[{"lock_version":1,"id":811542}],"total":1}
[2025-08-13 14:06:34] [INFO] Found existing ticket for this person/event | {"ticket_id":811542,"lock_version":1}
[2025-08-13 14:06:34] [INFO] Adding sponsor opt-in to ticket | {"sponsor_opt_in":"No"}
[2025-08-13 14:06:34] [INFO] Complete ticket payload created with speaker/add_questions and opt-in data | [{"event_id":5473,"person_id":4278940,"name":"Levon Gravett","status":"Registered","cf_event_ticket_sponsor_optin":false}]
[2025-08-13 14:06:34] [INFO] Updating existing ticket | {"ticket_id":811542}
[2025-08-13 14:06:35] [INFO] Raw update response received | {"success":true,"affected_objects":[{"lock_version":1,"id":811542}],"updates":{"data":{"immediate":["private_event_ticket"]}},"flash":"saved successfully","affected_object_information":[{"success":true,"errors":[],"warnings":[]}]}
[2025-08-13 14:06:35] [INFO] Workbooks ticket API response | {"success":true,"affected_objects":[{"lock_version":1,"id":811542}],"updates":{"data":{"immediate":["private_event_ticket"]}},"flash":"saved successfully","affected_object_information":[{"success":true,"errors":[],"warnings":[]}]}
[2025-08-13 14:06:35] [INFO] Fields actually updated in ticket | {"lock_version":1,"id":811542}
[2025-08-13 14:06:35] [SUCCESS] Webinar registration submitted | {"ticket_id":811542}
[2025-08-13 14:12:28] [INFO] Webinar registration started | {"webinar_id":160746,"email":"levon.gravett@supersonic-playground.com","speaker_question":"","add_questions":"","sponsor_optin":0}
[2025-08-13 14:12:28] [INFO] Webinar ACF fields | {"workbook_reference":"5473","campaign_reference":"CAMP-43028"}
[2025-08-13 14:12:29] [INFO] Workbooks person search response | {"success":true,"data":[{"id":4278940}],"total":2}
[2025-08-13 14:12:29] [INFO] Found existing person in Workbooks | {"person_id":4278940}
[2025-08-13 14:12:29] [INFO] Workbooks ticket search params | {"event_id":5473,"person_id":4278940}
[2025-08-13 14:12:29] [INFO] Workbooks ticket search response | {"success":true,"data":[{"lock_version":1,"id":811542}],"total":1}
[2025-08-13 14:12:29] [INFO] Found existing ticket for this person/event | {"ticket_id":811542,"lock_version":1}
[2025-08-13 14:12:29] [INFO] Adding sponsor opt-in to ticket | {"sponsor_opt_in":"No"}
[2025-08-13 14:12:29] [INFO] Complete ticket payload created with speaker/add_questions and opt-in data | [{"event_id":5473,"person_id":4278940,"name":"Levon Gravett","status":"Registered","cf_event_ticket_sponsor_optin":false}]
[2025-08-13 14:12:29] [INFO] Updating existing ticket | {"ticket_id":811542}
[2025-08-13 14:12:30] [INFO] Raw update response received | {"success":true,"affected_objects":[{"lock_version":1,"id":811542}],"updates":{"data":{"immediate":["private_event_ticket"]}},"flash":"saved successfully","affected_object_information":[{"success":true,"errors":[],"warnings":[]}]}
[2025-08-13 14:12:30] [INFO] Workbooks ticket API response | {"success":true,"affected_objects":[{"lock_version":1,"id":811542}],"updates":{"data":{"immediate":["private_event_ticket"]}},"flash":"saved successfully","affected_object_information":[{"success":true,"errors":[],"warnings":[]}]}
[2025-08-13 14:12:30] [INFO] Fields actually updated in ticket | {"lock_version":1,"id":811542}
[2025-08-13 14:12:30] [SUCCESS] Webinar registration submitted | {"ticket_id":811542}
